Flow report for MagicTowerFPGA
Mon Jan 03 20:06:41 2022
Quartus Prime Version 18.1.0 Build 625 09/12/2018 SJ Lite Edition


---------------------
; Table of Contents ;
---------------------
  1. Legal Notice
  2. Flow Summary
  3. Flow Settings
  4. Flow Non-Default Global Settings
  5. Flow Elapsed Time
  6. Flow OS Summary
  7. Flow Log
  8. Flow Messages
  9. Flow Suppressed Messages



----------------
; Legal Notice ;
----------------
Copyright (C) 2018  Intel Corporation. All rights reserved.
Your use of Intel Corporation's design tools, logic functions 
and other software and tools, and its AMPP partner logic 
functions, and any output files from any of the foregoing 
(including device programming or simulation files), and any 
associated documentation or information are expressly subject 
to the terms and conditions of the Intel Program License 
Subscription Agreement, the Intel Quartus Prime License Agreement,
the Intel FPGA IP License Agreement, or other applicable license
agreement, including, without limitation, that your use is for
the sole purpose of programming logic devices manufactured by
Intel and sold by Intel or its authorized distributors.  Please
refer to the applicable agreement for further details.



+----------------------------------------------------------------------------------+
; Flow Summary                                                                     ;
+------------------------------------+---------------------------------------------+
; Flow Status                        ; Successful - Mon Jan 03 20:06:41 2022       ;
; Quartus Prime Version              ; 18.1.0 Build 625 09/12/2018 SJ Lite Edition ;
; Revision Name                      ; MagicTowerFPGA                              ;
; Top-level Entity Name              ; top_level                                   ;
; Family                             ; Cyclone IV E                                ;
; Device                             ; EP4CE115F29C7                               ;
; Timing Models                      ; Final                                       ;
; Total logic elements               ; 22,674 / 114,480 ( 20 % )                   ;
;     Total combinational functions  ; 19,392 / 114,480 ( 17 % )                   ;
;     Dedicated logic registers      ; 9,133 / 114,480 ( 8 % )                     ;
; Total registers                    ; 9252                                        ;
; Total pins                         ; 215 / 529 ( 41 % )                          ;
; Total virtual pins                 ; 0                                           ;
; Total memory bits                  ; 1,701,364 / 3,981,312 ( 43 % )              ;
; Embedded Multiplier 9-bit elements ; 0 / 532 ( 0 % )                             ;
; Total PLLs                         ; 3 / 4 ( 75 % )                              ;
+------------------------------------+---------------------------------------------+


+-----------------------------------------+
; Flow Settings                           ;
+-------------------+---------------------+
; Option            ; Setting             ;
+-------------------+---------------------+
; Start date & time ; 01/03/2022 20:01:02 ;
; Main task         ; Compilation         ;
; Revision Name     ; MagicTowerFPGA      ;
+-------------------+---------------------+


+---------------------------------------------------------------------------------------------------------------------------------------------------+
; Flow Non-Default Global Settings                                                                                                                  ;
+-------------------------------------+-------------------------------------------------------------+----------------+-------------+----------------+
; Assignment Name                     ; Value                                                       ; Default Value  ; Entity Name ; Section Id     ;
+-------------------------------------+-------------------------------------------------------------+----------------+-------------+----------------+
; COMPILER_SIGNATURE_ID               ; 9190533563224.164121126051956                               ; --             ; --          ; --             ;
; EDA_OUTPUT_DATA_FORMAT              ; Systemverilog Hdl                                           ; --             ; --          ; eda_simulation ;
; EDA_SIMULATION_TOOL                 ; ModelSim-Altera (SystemVerilog)                             ; <None>         ; --          ; --             ;
; EDA_TIME_SCALE                      ; 1 ps                                                        ; --             ; --          ; eda_simulation ;
; MAX_CORE_JUNCTION_TEMP              ; 85                                                          ; --             ; --          ; --             ;
; MIN_CORE_JUNCTION_TEMP              ; 0                                                           ; --             ; --          ; --             ;
; MISC_FILE                           ; final_soc/synthesis/../final_soc.cmp                        ; --             ; --          ; --             ;
; MISC_FILE                           ; final_soc/synthesis/../../final_soc.qsys                    ; --             ; --          ; --             ;
; MISC_FILE                           ; draw_engine/vga_clk.ppf                                     ; --             ; --          ; --             ;
; NOMINAL_CORE_SUPPLY_VOLTAGE         ; 1.2V                                                        ; --             ; --          ; --             ;
; PARTITION_COLOR                     ; -- (Not supported for targeted family)                      ; --             ; top_level   ; Top            ;
; PARTITION_FITTER_PRESERVATION_LEVEL ; -- (Not supported for targeted family)                      ; --             ; top_level   ; Top            ;
; PARTITION_NETLIST_TYPE              ; -- (Not supported for targeted family)                      ; --             ; top_level   ; Top            ;
; POWER_BOARD_THERMAL_MODEL           ; None (CONSERVATIVE)                                         ; --             ; --          ; --             ;
; POWER_PRESET_COOLING_SOLUTION       ; 23 MM HEAT SINK WITH 200 LFPM AIRFLOW                       ; --             ; --          ; --             ;
; PROJECT_OUTPUT_DIRECTORY            ; output_files                                                ; --             ; --          ; --             ;
; SLD_FILE                            ; final_soc/synthesis/final_soc.regmap                        ; --             ; --          ; --             ;
; SLD_FILE                            ; final_soc/synthesis/final_soc.debuginfo                     ; --             ; --          ; --             ;
; SLD_INFO                            ; QSYS_NAME final_soc HAS_SOPCINFO 1 GENERATION_ID 1641211182 ; --             ; final_soc   ; --             ;
; SOPCINFO_FILE                       ; final_soc/synthesis/../../final_soc.sopcinfo                ; --             ; --          ; --             ;
; SYNTHESIS_ONLY_QIP                  ; On                                                          ; --             ; --          ; --             ;
; TOP_LEVEL_ENTITY                    ; top_level                                                   ; MagicTowerFPGA ; --          ; --             ;
+-------------------------------------+-------------------------------------------------------------+----------------+-------------+----------------+


+--------------------------------------------------------------------------------------------------------------------------+
; Flow Elapsed Time                                                                                                        ;
+----------------------+--------------+-------------------------+---------------------+------------------------------------+
; Module Name          ; Elapsed Time ; Average Processors Used ; Peak Virtual Memory ; Total CPU Time (on all processors) ;
+----------------------+--------------+-------------------------+---------------------+------------------------------------+
; Analysis & Synthesis ; 00:02:27     ; 1.0                     ; 5295 MB             ; 00:02:53                           ;
; Fitter               ; 00:02:13     ; 1.6                     ; 7044 MB             ; 00:06:05                           ;
; Assembler            ; 00:00:05     ; 1.0                     ; 4780 MB             ; 00:00:05                           ;
; Timing Analyzer      ; 00:00:13     ; 2.2                     ; 5249 MB             ; 00:00:18                           ;
; EDA Netlist Writer   ; 00:00:22     ; 1.0                     ; 4897 MB             ; 00:00:22                           ;
; Total                ; 00:05:20     ; --                      ; --                  ; 00:09:43                           ;
+----------------------+--------------+-------------------------+---------------------+------------------------------------+


+------------------------------------------------------------------------------------+
; Flow OS Summary                                                                    ;
+----------------------+------------------+------------+------------+----------------+
; Module Name          ; Machine Hostname ; OS Name    ; OS Version ; Processor type ;
+----------------------+------------------+------------+------------+----------------+
; Analysis & Synthesis ; MattYoga14s      ; Windows 10 ; 10.0       ; x86_64         ;
; Fitter               ; MattYoga14s      ; Windows 10 ; 10.0       ; x86_64         ;
; Assembler            ; MattYoga14s      ; Windows 10 ; 10.0       ; x86_64         ;
; Timing Analyzer      ; MattYoga14s      ; Windows 10 ; 10.0       ; x86_64         ;
; EDA Netlist Writer   ; MattYoga14s      ; Windows 10 ; 10.0       ; x86_64         ;
+----------------------+------------------+------------+------------+----------------+


------------
; Flow Log ;
------------
quartus_map --read_settings_files=on --write_settings_files=off MagicTowerFPGA -c MagicTowerFPGA
quartus_fit --read_settings_files=off --write_settings_files=off MagicTowerFPGA -c MagicTowerFPGA
quartus_asm --read_settings_files=off --write_settings_files=off MagicTowerFPGA -c MagicTowerFPGA
quartus_sta MagicTowerFPGA -c MagicTowerFPGA
quartus_eda --read_settings_files=off --write_settings_files=off MagicTowerFPGA -c MagicTowerFPGA



